{"/home/edward/mywebapp/app.js": {"path":"/home/edward/mywebapp/app.js","statementMap":{"0":{"start":{"line":1,"column":16},"end":{"line":1,"column":34}},"1":{"start":{"line":2,"column":16},"end":{"line":2,"column":34}},"2":{"start":{"line":3,"column":17},"end":{"line":3,"column":36}},"3":{"start":{"line":5,"column":13},"end":{"line":5,"column":44}},"4":{"start":{"line":6,"column":13},"end":{"line":6,"column":30}},"5":{"start":{"line":7,"column":17},"end":{"line":13,"column":1}},"6":{"start":{"line":15,"column":12},"end":{"line":15,"column":21}},"7":{"start":{"line":16,"column":0},"end":{"line":16,"column":24}},"8":{"start":{"line":17,"column":0},"end":{"line":17,"column":48}},"9":{"start":{"line":20,"column":0},"end":{"line":24,"column":1}},"10":{"start":{"line":21,"column":4},"end":{"line":21,"column":40}},"11":{"start":{"line":23,"column":4},"end":{"line":23,"column":43}},"12":{"start":{"line":26,"column":26},"end":{"line":33,"column":1}},"13":{"start":{"line":27,"column":4},"end":{"line":27,"column":64}},"14":{"start":{"line":27,"column":36},"end":{"line":27,"column":64}},"15":{"start":{"line":28,"column":15},"end":{"line":28,"column":94}},"16":{"start":{"line":28,"column":59},"end":{"line":28,"column":74}},"17":{"start":{"line":29,"column":4},"end":{"line":31,"column":7}},"18":{"start":{"line":30,"column":8},"end":{"line":30,"column":83}},"19":{"start":{"line":30,"column":42},"end":{"line":30,"column":62}},"20":{"start":{"line":32,"column":4},"end":{"line":32,"column":29}},"21":{"start":{"line":35,"column":0},"end":{"line":35,"column":67}},"22":{"start":{"line":35,"column":39},"end":{"line":35,"column":65}},"23":{"start":{"line":36,"column":0},"end":{"line":44,"column":3}},"24":{"start":{"line":37,"column":4},"end":{"line":43,"column":5}},"25":{"start":{"line":38,"column":21},"end":{"line":38,"column":47}},"26":{"start":{"line":39,"column":8},"end":{"line":39,"column":23}},"27":{"start":{"line":40,"column":8},"end":{"line":40,"column":35}},"28":{"start":{"line":42,"column":8},"end":{"line":42,"column":42}},"29":{"start":{"line":46,"column":0},"end":{"line":55,"column":4}},"30":{"start":{"line":46,"column":27},"end":{"line":55,"column":2}},"31":{"start":{"line":57,"column":0},"end":{"line":68,"column":3}},"32":{"start":{"line":58,"column":4},"end":{"line":67,"column":56}},"33":{"start":{"line":59,"column":21},"end":{"line":59,"column":47}},"34":{"start":{"line":60,"column":21},"end":{"line":60,"column":68}},"35":{"start":{"line":61,"column":8},"end":{"line":61,"column":23}},"36":{"start":{"line":62,"column":8},"end":{"line":66,"column":11}},"37":{"start":{"line":63,"column":38},"end":{"line":63,"column":52}},"38":{"start":{"line":64,"column":31},"end":{"line":64,"column":81}},"39":{"start":{"line":65,"column":27},"end":{"line":65,"column":65}},"40":{"start":{"line":67,"column":20},"end":{"line":67,"column":54}},"41":{"start":{"line":70,"column":0},"end":{"line":82,"column":3}},"42":{"start":{"line":71,"column":4},"end":{"line":81,"column":56}},"43":{"start":{"line":72,"column":21},"end":{"line":72,"column":47}},"44":{"start":{"line":73,"column":21},"end":{"line":73,"column":119}},"45":{"start":{"line":74,"column":8},"end":{"line":74,"column":23}},"46":{"start":{"line":75,"column":8},"end":{"line":75,"column":72}},"47":{"start":{"line":75,"column":31},"end":{"line":75,"column":72}},"48":{"start":{"line":76,"column":8},"end":{"line":80,"column":11}},"49":{"start":{"line":77,"column":38},"end":{"line":77,"column":55}},"50":{"start":{"line":78,"column":31},"end":{"line":78,"column":111}},"51":{"start":{"line":79,"column":27},"end":{"line":79,"column":65}},"52":{"start":{"line":81,"column":20},"end":{"line":81,"column":54}},"53":{"start":{"line":84,"column":0},"end":{"line":97,"column":3}},"54":{"start":{"line":85,"column":31},"end":{"line":85,"column":39}},"55":{"start":{"line":86,"column":4},"end":{"line":86,"column":71}},"56":{"start":{"line":86,"column":28},"end":{"line":86,"column":71}},"57":{"start":{"line":87,"column":4},"end":{"line":96,"column":56}},"58":{"start":{"line":88,"column":21},"end":{"line":88,"column":47}},"59":{"start":{"line":89,"column":23},"end":{"line":89,"column":109}},"60":{"start":{"line":90,"column":8},"end":{"line":90,"column":23}},"61":{"start":{"line":91,"column":8},"end":{"line":95,"column":11}},"62":{"start":{"line":92,"column":38},"end":{"line":92,"column":107}},"63":{"start":{"line":93,"column":31},"end":{"line":93,"column":102}},"64":{"start":{"line":94,"column":27},"end":{"line":94,"column":65}},"65":{"start":{"line":96,"column":20},"end":{"line":96,"column":54}},"66":{"start":{"line":99,"column":0},"end":{"line":103,"column":1}},"67":{"start":{"line":100,"column":4},"end":{"line":100,"column":96}},"68":{"start":{"line":100,"column":32},"end":{"line":100,"column":94}},"69":{"start":{"line":102,"column":4},"end":{"line":102,"column":93}},"70":{"start":{"line":102,"column":38},"end":{"line":102,"column":91}},"71":{"start":{"line":105,"column":0},"end":{"line":105,"column":21}}},"fnMap":{"0":{"name":"(anonymous_0)","decl":{"start":{"line":26,"column":26},"end":{"line":26,"column":27}},"loc":{"start":{"line":26,"column":45},"end":{"line":33,"column":1}},"line":26},"1":{"name":"(anonymous_1)","decl":{"start":{"line":28,"column":54},"end":{"line":28,"column":55}},"loc":{"start":{"line":28,"column":59},"end":{"line":28,"column":74}},"line":28},"2":{"name":"(anonymous_2)","decl":{"start":{"line":29,"column":17},"end":{"line":29,"column":18}},"loc":{"start":{"line":29,"column":24},"end":{"line":31,"column":5}},"line":29},"3":{"name":"(anonymous_3)","decl":{"start":{"line":30,"column":37},"end":{"line":30,"column":38}},"loc":{"start":{"line":30,"column":42},"end":{"line":30,"column":62}},"line":30},"4":{"name":"(anonymous_4)","decl":{"start":{"line":35,"column":25},"end":{"line":35,"column":26}},"loc":{"start":{"line":35,"column":39},"end":{"line":35,"column":65}},"line":35},"5":{"name":"(anonymous_5)","decl":{"start":{"line":36,"column":25},"end":{"line":36,"column":26}},"loc":{"start":{"line":36,"column":45},"end":{"line":44,"column":1}},"line":36},"6":{"name":"(anonymous_6)","decl":{"start":{"line":46,"column":13},"end":{"line":46,"column":14}},"loc":{"start":{"line":46,"column":27},"end":{"line":55,"column":2}},"line":46},"7":{"name":"(anonymous_7)","decl":{"start":{"line":57,"column":18},"end":{"line":57,"column":19}},"loc":{"start":{"line":57,"column":38},"end":{"line":68,"column":1}},"line":57},"8":{"name":"(anonymous_8)","decl":{"start":{"line":63,"column":32},"end":{"line":63,"column":33}},"loc":{"start":{"line":63,"column":38},"end":{"line":63,"column":52}},"line":63},"9":{"name":"(anonymous_9)","decl":{"start":{"line":64,"column":25},"end":{"line":64,"column":26}},"loc":{"start":{"line":64,"column":31},"end":{"line":64,"column":81}},"line":64},"10":{"name":"(anonymous_10)","decl":{"start":{"line":65,"column":21},"end":{"line":65,"column":22}},"loc":{"start":{"line":65,"column":27},"end":{"line":65,"column":65}},"line":65},"11":{"name":"(anonymous_11)","decl":{"start":{"line":70,"column":22},"end":{"line":70,"column":23}},"loc":{"start":{"line":70,"column":42},"end":{"line":82,"column":1}},"line":70},"12":{"name":"(anonymous_12)","decl":{"start":{"line":77,"column":32},"end":{"line":77,"column":33}},"loc":{"start":{"line":77,"column":38},"end":{"line":77,"column":55}},"line":77},"13":{"name":"(anonymous_13)","decl":{"start":{"line":78,"column":25},"end":{"line":78,"column":26}},"loc":{"start":{"line":78,"column":31},"end":{"line":78,"column":111}},"line":78},"14":{"name":"(anonymous_14)","decl":{"start":{"line":79,"column":21},"end":{"line":79,"column":22}},"loc":{"start":{"line":79,"column":27},"end":{"line":79,"column":65}},"line":79},"15":{"name":"(anonymous_15)","decl":{"start":{"line":84,"column":19},"end":{"line":84,"column":20}},"loc":{"start":{"line":84,"column":39},"end":{"line":97,"column":1}},"line":84},"16":{"name":"(anonymous_16)","decl":{"start":{"line":92,"column":32},"end":{"line":92,"column":33}},"loc":{"start":{"line":92,"column":38},"end":{"line":92,"column":107}},"line":92},"17":{"name":"(anonymous_17)","decl":{"start":{"line":93,"column":25},"end":{"line":93,"column":26}},"loc":{"start":{"line":93,"column":31},"end":{"line":93,"column":102}},"line":93},"18":{"name":"(anonymous_18)","decl":{"start":{"line":94,"column":21},"end":{"line":94,"column":22}},"loc":{"start":{"line":94,"column":27},"end":{"line":94,"column":65}},"line":94},"19":{"name":"(anonymous_19)","decl":{"start":{"line":100,"column":26},"end":{"line":100,"column":27}},"loc":{"start":{"line":100,"column":32},"end":{"line":100,"column":94}},"line":100},"20":{"name":"(anonymous_20)","decl":{"start":{"line":102,"column":32},"end":{"line":102,"column":33}},"loc":{"start":{"line":102,"column":38},"end":{"line":102,"column":91}},"line":102}},"branchMap":{"0":{"loc":{"start":{"line":6,"column":13},"end":{"line":6,"column":30}},"type":"binary-expr","locations":[{"start":{"line":6,"column":13},"end":{"line":6,"column":22}},{"start":{"line":6,"column":26},"end":{"line":6,"column":30}}],"line":6},"1":{"loc":{"start":{"line":8,"column":10},"end":{"line":8,"column":36}},"type":"binary-expr","locations":[{"start":{"line":8,"column":10},"end":{"line":8,"column":21}},{"start":{"line":8,"column":25},"end":{"line":8,"column":36}}],"line":8},"2":{"loc":{"start":{"line":9,"column":10},"end":{"line":9,"column":30}},"type":"binary-expr","locations":[{"start":{"line":9,"column":10},"end":{"line":9,"column":21}},{"start":{"line":9,"column":25},"end":{"line":9,"column":30}}],"line":9},"3":{"loc":{"start":{"line":10,"column":14},"end":{"line":10,"column":43}},"type":"binary-expr","locations":[{"start":{"line":10,"column":14},"end":{"line":10,"column":29}},{"start":{"line":10,"column":33},"end":{"line":10,"column":43}}],"line":10},"4":{"loc":{"start":{"line":11,"column":14},"end":{"line":11,"column":39}},"type":"binary-expr","locations":[{"start":{"line":11,"column":14},"end":{"line":11,"column":25}},{"start":{"line":11,"column":29},"end":{"line":11,"column":39}}],"line":11},"5":{"loc":{"start":{"line":27,"column":4},"end":{"line":27,"column":64}},"type":"if","locations":[{"start":{"line":27,"column":4},"end":{"line":27,"column":64}},{"start":{},"end":{}}],"line":27},"6":{"loc":{"start":{"line":27,"column":8},"end":{"line":27,"column":34}},"type":"binary-expr","locations":[{"start":{"line":27,"column":8},"end":{"line":27,"column":13}},{"start":{"line":27,"column":17},"end":{"line":27,"column":34}}],"line":27},"7":{"loc":{"start":{"line":75,"column":8},"end":{"line":75,"column":72}},"type":"if","locations":[{"start":{"line":75,"column":8},"end":{"line":75,"column":72}},{"start":{},"end":{}}],"line":75},"8":{"loc":{"start":{"line":86,"column":4},"end":{"line":86,"column":71}},"type":"if","locations":[{"start":{"line":86,"column":4},"end":{"line":86,"column":71}},{"start":{},"end":{}}],"line":86},"9":{"loc":{"start":{"line":86,"column":8},"end":{"line":86,"column":26}},"type":"binary-expr","locations":[{"start":{"line":86,"column":8},"end":{"line":86,"column":14}},{"start":{"line":86,"column":18},"end":{"line":86,"column":26}}],"line":86},"10":{"loc":{"start":{"line":99,"column":0},"end":{"line":103,"column":1}},"type":"if","locations":[{"start":{"line":99,"column":0},"end":{"line":103,"column":1}},{"start":{"line":101,"column":7},"end":{"line":103,"column":1}}],"line":99}},"s":{"0":1,"1":1,"2":1,"3":1,"4":1,"5":1,"6":1,"7":1,"8":1,"9":1,"10":1,"11":0,"12":1,"13":0,"14":0,"15":0,"16":0,"17":0,"18":0,"19":0,"20":0,"21":1,"22":1,"23":1,"24":1,"25":1,"26":1,"27":1,"28":0,"29":1,"30":1,"31":1,"32":1,"33":1,"34":1,"35":1,"36":1,"37":1,"38":0,"39":0,"40":0,"41":1,"42":2,"43":2,"44":2,"45":2,"46":2,"47":1,"48":1,"49":1,"50":0,"51":0,"52":0,"53":1,"54":2,"55":2,"56":1,"57":1,"58":1,"59":1,"60":1,"61":1,"62":1,"63":0,"64":0,"65":0,"66":1,"67":0,"68":0,"69":1,"70":1,"71":1},"f":{"0":0,"1":0,"2":0,"3":0,"4":1,"5":1,"6":1,"7":1,"8":1,"9":0,"10":0,"11":2,"12":1,"13":0,"14":0,"15":2,"16":1,"17":0,"18":0,"19":0,"20":1},"b":{"0":[1,1],"1":[1,1],"2":[1,1],"3":[1,1],"4":[1,1],"5":[0,0],"6":[0,0],"7":[1,1],"8":[1,1],"9":[2,1],"10":[0,1]},"_coverageSchema":"1a1c01bbd47fc00a2c39e90264f33305004495a9","hash":"3d173becf2889f6891c231e9c16035485cc078e2"}
,"/home/edward/mywebapp/migrate.js": {"path":"/home/edward/mywebapp/migrate.js","statementMap":{"0":{"start":{"line":1,"column":16},"end":{"line":1,"column":34}},"1":{"start":{"line":2,"column":17},"end":{"line":2,"column":36}},"2":{"start":{"line":4,"column":13},"end":{"line":4,"column":44}},"3":{"start":{"line":5,"column":17},"end":{"line":10,"column":1}},"4":{"start":{"line":14,"column":4},"end":{"line":33,"column":5}},"5":{"start":{"line":15,"column":8},"end":{"line":15,"column":56}},"6":{"start":{"line":16,"column":8},"end":{"line":16,"column":63}},"7":{"start":{"line":18,"column":8},"end":{"line":25,"column":11}},"8":{"start":{"line":26,"column":8},"end":{"line":26,"column":51}},"9":{"start":{"line":27,"column":8},"end":{"line":27,"column":24}},"10":{"start":{"line":29,"column":8},"end":{"line":29,"column":48}},"11":{"start":{"line":30,"column":8},"end":{"line":30,"column":24}},"12":{"start":{"line":32,"column":8},"end":{"line":32,"column":29}},"13":{"start":{"line":32,"column":18},"end":{"line":32,"column":29}},"14":{"start":{"line":36,"column":0},"end":{"line":36,"column":10}}},"fnMap":{"0":{"name":"migrate","decl":{"start":{"line":12,"column":15},"end":{"line":12,"column":22}},"loc":{"start":{"line":12,"column":25},"end":{"line":34,"column":1}},"line":12}},"branchMap":{"0":{"loc":{"start":{"line":6,"column":10},"end":{"line":6,"column":36}},"type":"binary-expr","locations":[{"start":{"line":6,"column":10},"end":{"line":6,"column":21}},{"start":{"line":6,"column":25},"end":{"line":6,"column":36}}],"line":6},"1":{"loc":{"start":{"line":7,"column":10},"end":{"line":7,"column":30}},"type":"binary-expr","locations":[{"start":{"line":7,"column":10},"end":{"line":7,"column":21}},{"start":{"line":7,"column":25},"end":{"line":7,"column":30}}],"line":7},"2":{"loc":{"start":{"line":8,"column":14},"end":{"line":8,"column":43}},"type":"binary-expr","locations":[{"start":{"line":8,"column":14},"end":{"line":8,"column":29}},{"start":{"line":8,"column":33},"end":{"line":8,"column":43}}],"line":8},"3":{"loc":{"start":{"line":9,"column":14},"end":{"line":9,"column":39}},"type":"binary-expr","locations":[{"start":{"line":9,"column":14},"end":{"line":9,"column":25}},{"start":{"line":9,"column":29},"end":{"line":9,"column":39}}],"line":9},"4":{"loc":{"start":{"line":32,"column":8},"end":{"line":32,"column":29}},"type":"if","locations":[{"start":{"line":32,"column":8},"end":{"line":32,"column":29}},{"start":{},"end":{}}],"line":32}},"s":{"0":0,"1":0,"2":0,"3":0,"4":0,"5":0,"6":0,"7":0,"8":0,"9":0,"10":0,"11":0,"12":0,"13":0,"14":0},"f":{"0":0},"b":{"0":[0,0],"1":[0,0],"2":[0,0],"3":[0,0],"4":[0,0]}}
}
