TN:
SF:app.js
FN:26,(anonymous_0)
FN:28,(anonymous_1)
FN:29,(anonymous_2)
FN:30,(anonymous_3)
FN:35,(anonymous_4)
FN:36,(anonymous_5)
FN:46,(anonymous_6)
FN:57,(anonymous_7)
FN:63,(anonymous_8)
FN:64,(anonymous_9)
FN:65,(anonymous_10)
FN:70,(anonymous_11)
FN:77,(anonymous_12)
FN:78,(anonymous_13)
FN:79,(anonymous_14)
FN:84,(anonymous_15)
FN:92,(anonymous_16)
FN:93,(anonymous_17)
FN:94,(anonymous_18)
FN:100,(anonymous_19)
FN:102,(anonymous_20)
FNF:21
FNH:10
FNDA:0,(anonymous_0)
FNDA:0,(anonymous_1)
FNDA:0,(anonymous_2)
FNDA:0,(anonymous_3)
FNDA:1,(anonymous_4)
FNDA:1,(anonymous_5)
FNDA:1,(anonymous_6)
FNDA:1,(anonymous_7)
FNDA:1,(anonymous_8)
FNDA:0,(anonymous_9)
FNDA:0,(anonymous_10)
FNDA:2,(anonymous_11)
FNDA:1,(anonymous_12)
FNDA:0,(anonymous_13)
FNDA:0,(anonymous_14)
FNDA:2,(anonymous_15)
FNDA:1,(anonymous_16)
FNDA:0,(anonymous_17)
FNDA:0,(anonymous_18)
FNDA:0,(anonymous_19)
FNDA:1,(anonymous_20)
DA:1,1
DA:2,1
DA:3,1
DA:5,1
DA:6,1
DA:7,1
DA:15,1
DA:16,1
DA:17,1
DA:20,1
DA:21,1
DA:23,0
DA:26,1
DA:27,0
DA:28,0
DA:29,0
DA:30,0
DA:32,0
DA:35,1
DA:36,1
DA:37,1
DA:38,1
DA:39,1
DA:40,1
DA:42,0
DA:46,1
DA:57,1
DA:58,1
DA:59,1
DA:60,1
DA:61,1
DA:62,1
DA:63,1
DA:64,0
DA:65,0
DA:67,0
DA:70,1
DA:71,2
DA:72,2
DA:73,2
DA:74,2
DA:75,2
DA:76,1
DA:77,1
DA:78,0
DA:79,0
DA:81,0
DA:84,1
DA:85,2
DA:86,2
DA:87,1
DA:88,1
DA:89,1
DA:90,1
DA:91,1
DA:92,1
DA:93,0
DA:94,0
DA:96,0
DA:99,1
DA:100,0
DA:102,1
DA:105,1
LF:63
LH:46
BRDA:6,0,0,1
BRDA:6,0,1,1
BRDA:8,1,0,1
BRDA:8,1,1,1
BRDA:9,2,0,1
BRDA:9,2,1,1
BRDA:10,3,0,1
BRDA:10,3,1,1
BRDA:11,4,0,1
BRDA:11,4,1,1
BRDA:27,5,0,0
BRDA:27,5,1,0
BRDA:27,6,0,0
BRDA:27,6,1,0
BRDA:75,7,0,1
BRDA:75,7,1,1
BRDA:86,8,0,1
BRDA:86,8,1,1
BRDA:86,9,0,2
BRDA:86,9,1,1
BRDA:99,10,0,0
BRDA:99,10,1,1
BRF:22
BRH:17
end_of_record
TN:
SF:migrate.js
FN:12,migrate
FNF:1
FNH:0
FNDA:0,migrate
DA:1,0
DA:2,0
DA:4,0
DA:5,0
DA:14,0
DA:15,0
DA:16,0
DA:18,0
DA:26,0
DA:27,0
DA:29,0
DA:30,0
DA:32,0
DA:36,0
LF:14
LH:0
BRDA:6,0,0,0
BRDA:6,0,1,0
BRDA:7,1,0,0
BRDA:7,1,1,0
BRDA:8,2,0,0
BRDA:8,2,1,0
BRDA:9,3,0,0
BRDA:9,3,1,0
BRDA:32,4,0,0
BRDA:32,4,1,0
BRF:10
BRH:0
end_of_record
